<?xml version="1.0" encoding="UTF-8"?>
<!-- Generated by org.testng.reporters.JUnitReportReporter -->
<testsuite hostname="Jagadish" failures="1" tests="7" name="runners.TestRunner_Registration" time="56.305" errors="0" timestamp="2024-12-22T13:32:06 IST" skipped="0">
  <testcase classname="runners.TestRunner_Registration" name="runScenario" time="10.324"/>
  <testcase classname="runners.TestRunner_Registration" name="runScenario" time="6.224"/>
  <testcase classname="runners.TestRunner_Registration" name="runScenario" time="8.660"/>
  <testcase classname="runners.TestRunner_Registration" name="runScenario" time="8.190">
    <failure message="expected [true] but found [false]" type="java.lang.AssertionError">
      <![CDATA[java.lang.AssertionError: expected [true] but found [false]
at org.testng.Assert.fail(Assert.java:111)
at org.testng.Assert.failNotEquals(Assert.java:1578)
at org.testng.Assert.assertTrue(Assert.java:57)
at org.testng.Assert.assertTrue(Assert.java:67)
at stepdefinitions.signup.user_should_successfully_signup_and_should_be_display(signup.java:66)
at âœ½.User should successfully signup and "Sign up successful." should be display(file:///C:/Users/Jagadish%20Moharana/OneDrive/Desktop/New%20folder%20(2)/DemoBlaze_Cucumber_project/src/test/resources/features/Registration.feature:8)
]]>
    </failure>
  </testcase> <!-- runScenario -->
  <testcase classname="runners.TestRunner_Registration" name="runScenario" time="7.657"/>
  <testcase classname="runners.TestRunner_Registration" name="runScenario" time="7.539"/>
  <testcase classname="runners.TestRunner_Registration" name="runScenario" time="7.711"/>
</testsuite> <!-- runners.TestRunner_Registration -->
